<!DOCTYPE html>
<html>
<head>
<meta http-equiv="Content-Type" content="text/html; charset=utf-8"/>
<meta http-equiv="x-ua-compatible" content="IE=edge"/>
<title>Test results - Class MusicAdvisorTest</title>
<link href="../css/base-style.css" rel="stylesheet" type="text/css"/>
<link href="../css/style.css" rel="stylesheet" type="text/css"/>
<script src="../js/report.js" type="text/javascript"></script>
</head>
<body>
<div id="content">
<h1>Class MusicAdvisorTest</h1>
<div class="breadcrumbs">
<a href="../index.html">all</a> &gt; 
<a href="../packages/default-package.html">default-package</a> &gt; MusicAdvisorTest</div>
<div id="summary">
<table>
<tr>
<td>
<div class="summaryGroup">
<table>
<tr>
<td>
<div class="infoBox" id="tests">
<div class="counter">1</div>
<p>tests</p>
</div>
</td>
<td>
<div class="infoBox" id="failures">
<div class="counter">1</div>
<p>failures</p>
</div>
</td>
<td>
<div class="infoBox" id="ignored">
<div class="counter">0</div>
<p>ignored</p>
</div>
</td>
<td>
<div class="infoBox" id="duration">
<div class="counter">52.011s</div>
<p>duration</p>
</div>
</td>
</tr>
</table>
</div>
</td>
<td>
<div class="infoBox failures" id="successRate">
<div class="percent">0%</div>
<p>successful</p>
</div>
</td>
</tr>
</table>
</div>
<div id="tabs">
<ul class="tabLinks">
<li>
<a href="#tab0">Failed tests</a>
</li>
<li>
<a href="#tab1">Tests</a>
</li>
<li>
<a href="#tab2">Standard output</a>
</li>
</ul>
<div id="tab0" class="tab">
<h2>Failed tests</h2>
<div class="test">
<a name="start"></a>
<h3 class="failures">start</h3>
<span class="code">
<pre>java.lang.AssertionError: Exception in test #8

java.lang.RuntimeException: java.io.IOException: parsing HTTP/1.1 status line, receiving [Webpage not found!], parser state [STATUS_LINE]
	at advisor.Server.sendRequestAndGetResponse(Server.java:244)
	at advisor.Server.getPlaylist(Server.java:252)
	at advisor.Main.playlistEndpoint(Main.java:71)
	at advisor.Main.main(Main.java:56)

Please find below the output of your program during this failed test.
Note that the '&gt;' character indicates the beginning of the input line.

---

Arguments: -access http://127.0.0.1:45678 -resource http://127.0.0.1:56789

&gt; auth
use this link to request the access code:
https://accounts.spotify.com/authorize?client_id=afc222d2075c4e5083c715d5817967e4&amp;redirect_uri=http://localhost:8080&amp;response_type=code
waiting for code...
123123
code received
Making http request for access_token...
{&quot;access_token&quot;:&quot;456456&quot;,&quot;token_type&quot;:&quot;Bearer&quot;,&quot;expires_in&quot;:3600,&quot;refresh_token&quot;:&quot;567567&quot;,&quot;scope&quot;:&quot;&quot;}
Success!
&gt; playlists Party Time
	at org.junit.Assert.fail(Assert.java:89)
	at org.hyperskill.hstest.stage.StageTest.start(StageTest.java:203)
	at java.base/jdk.internal.reflect.NativeMethodAccessorImpl.invoke0(Native Method)
	at java.base/jdk.internal.reflect.NativeMethodAccessorImpl.invoke(NativeMethodAccessorImpl.java:77)
	at java.base/jdk.internal.reflect.DelegatingMethodAccessorImpl.invoke(DelegatingMethodAccessorImpl.java:43)
	at java.base/java.lang.reflect.Method.invoke(Method.java:568)
	at org.junit.runners.model.FrameworkMethod$1.runReflectiveCall(FrameworkMethod.java:59)
	at org.junit.internal.runners.model.ReflectiveCallable.run(ReflectiveCallable.java:12)
	at org.junit.runners.model.FrameworkMethod.invokeExplosively(FrameworkMethod.java:56)
	at org.junit.internal.runners.statements.InvokeMethod.evaluate(InvokeMethod.java:17)
	at org.junit.runners.ParentRunner$3.evaluate(ParentRunner.java:306)
	at org.junit.runners.BlockJUnit4ClassRunner$1.evaluate(BlockJUnit4ClassRunner.java:100)
	at org.junit.runners.ParentRunner.runLeaf(ParentRunner.java:366)
	at org.junit.runners.BlockJUnit4ClassRunner.runChild(BlockJUnit4ClassRunner.java:103)
	at org.junit.runners.BlockJUnit4ClassRunner.runChild(BlockJUnit4ClassRunner.java:63)
	at org.junit.runners.ParentRunner$4.run(ParentRunner.java:331)
	at org.junit.runners.ParentRunner$1.schedule(ParentRunner.java:79)
	at org.junit.runners.ParentRunner.runChildren(ParentRunner.java:329)
	at org.junit.runners.ParentRunner.access$100(ParentRunner.java:66)
	at org.junit.runners.ParentRunner$2.evaluate(ParentRunner.java:293)
	at org.junit.internal.runners.statements.RunAfters.evaluate(RunAfters.java:27)
	at org.junit.runners.ParentRunner$3.evaluate(ParentRunner.java:306)
	at org.junit.runners.ParentRunner.run(ParentRunner.java:413)
	at org.gradle.api.internal.tasks.testing.junit.JUnitTestClassExecutor.runTestClass(JUnitTestClassExecutor.java:110)
	at org.gradle.api.internal.tasks.testing.junit.JUnitTestClassExecutor.execute(JUnitTestClassExecutor.java:58)
	at org.gradle.api.internal.tasks.testing.junit.JUnitTestClassExecutor.execute(JUnitTestClassExecutor.java:38)
	at org.gradle.api.internal.tasks.testing.junit.AbstractJUnitTestClassProcessor.processTestClass(AbstractJUnitTestClassProcessor.java:62)
	at org.gradle.api.internal.tasks.testing.SuiteTestClassProcessor.processTestClass(SuiteTestClassProcessor.java:51)
	at java.base/jdk.internal.reflect.NativeMethodAccessorImpl.invoke0(Native Method)
	at java.base/jdk.internal.reflect.NativeMethodAccessorImpl.invoke(NativeMethodAccessorImpl.java:77)
	at java.base/jdk.internal.reflect.DelegatingMethodAccessorImpl.invoke(DelegatingMethodAccessorImpl.java:43)
	at java.base/java.lang.reflect.Method.invoke(Method.java:568)
	at org.gradle.internal.dispatch.ReflectionDispatch.dispatch(ReflectionDispatch.java:36)
	at org.gradle.internal.dispatch.ReflectionDispatch.dispatch(ReflectionDispatch.java:24)
	at org.gradle.internal.dispatch.ContextClassLoaderDispatch.dispatch(ContextClassLoaderDispatch.java:33)
	at org.gradle.internal.dispatch.ProxyDispatchAdapter$DispatchingInvocationHandler.invoke(ProxyDispatchAdapter.java:94)
	at jdk.proxy1/jdk.proxy1.$Proxy2.processTestClass(Unknown Source)
	at org.gradle.api.internal.tasks.testing.worker.TestWorker$2.run(TestWorker.java:176)
	at org.gradle.api.internal.tasks.testing.worker.TestWorker.executeAndMaintainThreadName(TestWorker.java:129)
	at org.gradle.api.internal.tasks.testing.worker.TestWorker.execute(TestWorker.java:100)
	at org.gradle.api.internal.tasks.testing.worker.TestWorker.execute(TestWorker.java:60)
	at org.gradle.process.internal.worker.child.ActionExecutionWorker.execute(ActionExecutionWorker.java:56)
	at org.gradle.process.internal.worker.child.SystemApplicationClassLoaderWorker.call(SystemApplicationClassLoaderWorker.java:133)
	at org.gradle.process.internal.worker.child.SystemApplicationClassLoaderWorker.call(SystemApplicationClassLoaderWorker.java:71)
	at worker.org.gradle.process.internal.worker.GradleWorkerMain.run(GradleWorkerMain.java:69)
	at worker.org.gradle.process.internal.worker.GradleWorkerMain.main(GradleWorkerMain.java:74)
</pre>
</span>
</div>
</div>
<div id="tab1" class="tab">
<h2>Tests</h2>
<table>
<thead>
<tr>
<th>Test</th>
<th>Duration</th>
<th>Result</th>
</tr>
</thead>
<tr>
<td class="failures">start</td>
<td class="failures">52.011s</td>
<td class="failures">failed</td>
</tr>
</table>
</div>
<div id="tab2" class="tab">
<h2>Standard output</h2>
<span class="code">
<pre>?[1;31m
Start test 1?[0m
&gt; auth
use this link to request the access code:
https://accounts.spotify.com/authorize?client_id=afc222d2075c4e5083c715d5817967e4&amp;redirect_uri=http://localhost:8080&amp;response_type=code
waiting for code...
?[0;34mTester: making requests to redirect uri: http://localhost:8080
?[0m?[0;34mTester: done request 1: Authorization code not found. Try again.
?[0m?[0;34mTester: done request 2: Authorization code not found. Try again.
123123
code received
?[0m?[0;34mTester: done request 3: Got the code. Return back to your program.
Making http request for access_token...
{&quot;access_token&quot;:&quot;456456&quot;,&quot;token_type&quot;:&quot;Bearer&quot;,&quot;expires_in&quot;:3600,&quot;refresh_token&quot;:&quot;567567&quot;,&quot;scope&quot;:&quot;&quot;}
Success!
&gt; exit
---GOODBYE!---
?[1;31m
Start test 2?[0m
&gt; auth
use this link to request the access code:
https://accounts.spotify.com/authorize?client_id=afc222d2075c4e5083c715d5817967e4&amp;redirect_uri=http://localhost:8080&amp;response_type=code
waiting for code...
?[0;34mTester: making requests to redirect uri: http://localhost:8080
?[0m?[0;34mTester: done request 1: Authorization code not found. Try again.
?[0m?[0;34mTester: done request 2: Authorization code not found. Try again.
123123
code received
?[0m?[0;34mTester: done request 3: Got the code. Return back to your program.
Making http request for access_token...
{&quot;access_token&quot;:&quot;456456&quot;,&quot;token_type&quot;:&quot;Bearer&quot;,&quot;expires_in&quot;:3600,&quot;refresh_token&quot;:&quot;567567&quot;,&quot;scope&quot;:&quot;&quot;}
Success!
&gt; categories
Top Lists

Super Mood

Party Time


&gt; exit
---GOODBYE!---
?[1;31m
Start test 3?[0m
&gt; categories
Please, provide access for application.
&gt; exit
---GOODBYE!---
?[1;31m
Start test 4?[0m
&gt; auth
use this link to request the access code:
https://accounts.spotify.com/authorize?client_id=afc222d2075c4e5083c715d5817967e4&amp;redirect_uri=http://localhost:8080&amp;response_type=code
waiting for code...
?[0;34mTester: making requests to redirect uri: http://localhost:8080
?[0m?[0;34mTester: done request 1: Authorization code not found. Try again.
?[0m?[0;34mTester: done request 2: Authorization code not found. Try again.
123123
code received
?[0m?[0;34mTester: done request 3: Got the code. Return back to your program.
Making http request for access_token...
{&quot;access_token&quot;:&quot;456456&quot;,&quot;token_type&quot;:&quot;Bearer&quot;,&quot;expires_in&quot;:3600,&quot;refresh_token&quot;:&quot;567567&quot;,&quot;scope&quot;:&quot;&quot;}
Success!
&gt; featured
Monday Morning Mood
http://open.spotify.com/user/spotify/playlist/6ftJBzU2LLQcaKefMi7ee7

Upp och hoppa!
http://open.spotify.com/user/spotify__sverige/playlist/4uOEx4OUrkoGNZoIlWMUbO


&gt; exit
---GOODBYE!---
?[1;31m
Start test 5?[0m
&gt; featured
Please, provide access for application.
&gt; exit
---GOODBYE!---
?[1;31m
Start test 6?[0m
&gt; auth
use this link to request the access code:
https://accounts.spotify.com/authorize?client_id=afc222d2075c4e5083c715d5817967e4&amp;redirect_uri=http://localhost:8080&amp;response_type=code
waiting for code...
?[0;34mTester: making requests to redirect uri: http://localhost:8080
?[0m?[0;34mTester: done request 1: Authorization code not found. Try again.
?[0m?[0;34mTester: done request 2: Authorization code not found. Try again.
123123
code received
?[0m?[0;34mTester: done request 3: Got the code. Return back to your program.
Making http request for access_token...
{&quot;access_token&quot;:&quot;456456&quot;,&quot;token_type&quot;:&quot;Bearer&quot;,&quot;expires_in&quot;:3600,&quot;refresh_token&quot;:&quot;567567&quot;,&quot;scope&quot;:&quot;&quot;}
Success!
&gt; new
Runnin'
[Pharrell Williams]
https://open.spotify.com/album/5ZX4m5aVSmWQ5iHAPQpT71

Sneakin'
[Drake2, Drake3]
https://open.spotify.com/album/0geTzdk2InlqIoB16fW9Nd


&gt; exit
---GOODBYE!---
?[1;31m
Start test 7?[0m
&gt; new
Please, provide access for application.
&gt; exit
---GOODBYE!---
?[1;31m
Start test 8?[0m
&gt; auth
use this link to request the access code:
https://accounts.spotify.com/authorize?client_id=afc222d2075c4e5083c715d5817967e4&amp;redirect_uri=http://localhost:8080&amp;response_type=code
waiting for code...
?[0;34mTester: making requests to redirect uri: http://localhost:8080
?[0m?[0;34mTester: done request 1: Authorization code not found. Try again.
?[0m?[0;34mTester: done request 2: Authorization code not found. Try again.
123123
code received
?[0m?[0;34mTester: done request 3: Got the code. Return back to your program.
Making http request for access_token...
{&quot;access_token&quot;:&quot;456456&quot;,&quot;token_type&quot;:&quot;Bearer&quot;,&quot;expires_in&quot;:3600,&quot;refresh_token&quot;:&quot;567567&quot;,&quot;scope&quot;:&quot;&quot;}
Success!
&gt; playlists Party Time
</pre>
</span>
</div>
</div>
<div id="footer">
<p>
<div>
<label class="hidden" id="label-for-line-wrapping-toggle" for="line-wrapping-toggle">Wrap lines
<input id="line-wrapping-toggle" type="checkbox" autocomplete="off"/>
</label>
</div>Generated by 
<a href="http://www.gradle.org">Gradle 7.3.3</a> at Jan 24, 2023, 8:26:20 PM</p>
</div>
</div>
</body>
</html>
